<?xml version="1.0" encoding="UTF-8"?>
<testng-results ignored="0" total="1" passed="1" failed="0" skipped="0">
  <reporter-output>
  </reporter-output>
  <suite started-at="2024-04-27T11:54:36 IST" name="Default suite" finished-at="2024-04-27T11:54:44 IST" duration-ms="7908">
    <groups>
    </groups>
    <test started-at="2024-04-27T11:54:36 IST" name="Default test" finished-at="2024-04-27T11:54:44 IST" duration-ms="7908">
      <class name="testpkg.Fblogintest">
        <test-method is-config="true" signature="setup()[pri:0, instance:testpkg.Fblogintest@71ba6d4e]" started-at="2024-04-27T11:54:36 IST" name="setup" finished-at="2024-04-27T11:54:44 IST" duration-ms="7807" status="PASS">
          <reporter-output>
          </reporter-output>
        </test-method> <!-- setup -->
        <test-method signature="verifyLoginWithValidCred()[pri:0, instance:testpkg.Fblogintest@71ba6d4e]" started-at="2024-04-27T11:54:44 IST" name="verifyLoginWithValidCred" finished-at="2024-04-27T11:54:44 IST" duration-ms="22" status="PASS">
          <reporter-output>
          </reporter-output>
        </test-method> <!-- verifyLoginWithValidCred -->
      </class> <!-- testpkg.Fblogintest -->
    </test> <!-- Default test -->
  </suite> <!-- Default suite -->
</testng-results>
